[    0.000000] Linux version 4.15.0-163-generic (buildd@lcy01-amd64-021) (gcc version 7.5.0 (Ubuntu 7.5.0-3ubuntu1~18.04)) #171-Ubuntu SMP Fri Nov 5 11:55:11 UTC 2021 (Ubuntu 4.15.0-163.171-generic 4.15.18)
[    0.000000] Command line: BOOT_IMAGE=/boot/vmlinuz-4.15.0-163-generic root=LABEL=cloudimg-rootfs ro console=tty1 console=ttyS0
[    0.000000] KERNEL supported cpus:
[    0.000000]   Intel GenuineIntel
[    0.000000]   AMD AuthenticAMD
[    0.000000]   Centaur CentaurHauls
[    0.000000] x86/fpu: Supporting XSAVE feature 0x001: 'x87 floating point registers'
[    0.000000] x86/fpu: Supporting XSAVE feature 0x002: 'SSE registers'
[    0.000000] x86/fpu: Supporting XSAVE feature 0x004: 'AVX registers'
[    0.000000] x86/fpu: xstate_offset[2]:  576, xstate_sizes[2]:  256
[    0.000000] x86/fpu: Enabled xstate features 0x7, context size is 832 bytes, using 'standard' format.
[    0.000000] e820: BIOS-provided physical RAM map:
[    0.000000] BIOS-e820: [mem 0x0000000000000000-0x000000000009fbff] usable
[    0.000000] BIOS-e820: [mem 0x000000000009fc00-0x000000000009ffff] reserved
[    0.000000] BIOS-e820: [mem 0x00000000000f0000-0x00000000000fffff] reserved
[    0.000000] BIOS-e820: [mem 0x0000000000100000-0x000000003ffeffff] usable
[    0.000000] BIOS-e820: [mem 0x000000003fff0000-0x000000003fffffff] ACPI data
[    0.000000] BIOS-e820: [mem 0x00000000fec00000-0x00000000fec00fff] reserved
[    0.000000] BIOS-e820: [mem 0x00000000fee00000-0x00000000fee00fff] reserved
[    0.000000] BIOS-e820: [mem 0x00000000fffc0000-0x00000000ffffffff] reserved
[    0.000000] NX (Execute Disable) protection: active
[    0.000000] SMBIOS 2.5 present.
[    0.000000] DMI: innotek GmbH VirtualBox/VirtualBox, BIOS VirtualBox 12/01/2006
[    0.000000] Hypervisor detected: KVM
[    0.000000] e820: last_pfn = 0x3fff0 max_arch_pfn = 0x400000000
[    0.000000] MTRR: Disabled
[    0.000000] x86/PAT: MTRRs disabled, skipping PAT initialization too.
[    0.000000] CPU MTRRs all blank - virtualized system.
[    0.000000] x86/PAT: Configuration [0-7]: WB  WT  UC- UC  WB  WT  UC- UC  
[    0.000000] found SMP MP-table at [mem 0x0009fff0-0x0009ffff]
[    0.000000] Scanning 1 areas for low memory corruption
[    0.000000] RAMDISK: [mem 0x359cd000-0x36cddfff]
[    0.000000] ACPI: Early table checksum verification disabled
[    0.000000] ACPI: RSDP 0x00000000000E0000 000024 (v02 VBOX  )
[    0.000000] ACPI: XSDT 0x000000003FFF0030 00003C (v01 VBOX   VBOXXSDT 00000001 ASL  00000061)
[    0.000000] ACPI: FACP 0x000000003FFF00F0 0000F4 (v04 VBOX   VBOXFACP 00000001 ASL  00000061)
[    0.000000] ACPI: DSDT 0x000000003FFF0470 002325 (v02 VBOX   VBOXBIOS 00000002 INTL 20100528)
[    0.000000] ACPI: FACS 0x000000003FFF0200 000040
[    0.000000] ACPI: FACS 0x000000003FFF0200 000040
[    0.000000] ACPI: APIC 0x000000003FFF0240 00005C (v02 VBOX   VBOXAPIC 00000001 ASL  00000061)
[    0.000000] ACPI: SSDT 0x000000003FFF02A0 0001CC (v01 VBOX   VBOXCPUT 00000002 INTL 20100528)
[    0.000000] ACPI: Reserving FACP table memory at [mem 0x3fff00f0-0x3fff01e3]
[    0.000000] ACPI: Reserving DSDT table memory at [mem 0x3fff0470-0x3fff2794]
[    0.000000] ACPI: Reserving FACS table memory at [mem 0x3fff0200-0x3fff023f]
[    0.000000] ACPI: Reserving FACS table memory at [mem 0x3fff0200-0x3fff023f]
[    0.000000] ACPI: Reserving APIC table memory at [mem 0x3fff0240-0x3fff029b]
[    0.000000] ACPI: Reserving SSDT table memory at [mem 0x3fff02a0-0x3fff046b]
[    0.000000] No NUMA configuration found
[    0.000000] Faking a node at [mem 0x0000000000000000-0x000000003ffeffff]
[    0.000000] NODE_DATA(0) allocated [mem 0x3ffc5000-0x3ffeffff]
[    0.000000] kvm-clock: cpu 0, msr 0:3ff44001, primary cpu clock
[    0.000000] kvm-clock: Using msrs 4b564d01 and 4b564d00
[    0.000000] kvm-clock: using sched offset of 3829143376 cycles
[    0.000000] clocksource: kvm-clock: mask: 0xffffffffffffffff max_cycles: 0x1cd42e4dffb, max_idle_ns: 881590591483 ns
[    0.000000] Zone ranges:
[    0.000000]   DMA      [mem 0x0000000000001000-0x0000000000ffffff]
[    0.000000]   DMA32    [mem 0x0000000001000000-0x000000003ffeffff]
[    0.000000]   Normal   empty
[    0.000000]   Device   empty
[    0.000000] Movable zone start for each node
[    0.000000] Early memory node ranges
[    0.000000]   node   0: [mem 0x0000000000001000-0x000000000009efff]
[    0.000000]   node   0: [mem 0x0000000000100000-0x000000003ffeffff]
[    0.000000] Reserved but unavailable: 104 pages
[    0.000000] Initmem setup node 0 [mem 0x0000000000001000-0x000000003ffeffff]
[    0.000000] ACPI: PM-Timer IO Port: 0x4008
[    0.000000] IOAPIC[0]: apic_id 2, version 32, address 0xfec00000, GSI 0-23
[    0.000000] ACPI: INT_SRC_OVR (bus 0 bus_irq 0 global_irq 2 dfl dfl)
[    0.000000] ACPI: INT_SRC_OVR (bus 0 bus_irq 9 global_irq 9 low level)
[    0.000000] Using ACPI (MADT) for SMP configuration information
[    0.000000] smpboot: Allowing 2 CPUs, 0 hotplug CPUs
[    0.000000] PM: Registered nosave memory: [mem 0x00000000-0x00000fff]
[    0.000000] PM: Registered nosave memory: [mem 0x0009f000-0x0009ffff]
[    0.000000] PM: Registered nosave memory: [mem 0x000a0000-0x000effff]
[    0.000000] PM: Registered nosave memory: [mem 0x000f0000-0x000fffff]
[    0.000000] e820: [mem 0x40000000-0xfebfffff] available for PCI devices
[    0.000000] Booting paravirtualized kernel on KVM
[    0.000000] clocksource: refined-jiffies: mask: 0xffffffff max_cycles: 0xffffffff, max_idle_ns: 7645519600211568 ns
[    0.000000] random: get_random_bytes called from start_kernel+0x99/0x500 with crng_init=0
[    0.000000] setup_percpu: NR_CPUS:8192 nr_cpumask_bits:2 nr_cpu_ids:2 nr_node_ids:1
[    0.000000] percpu: Embedded 45 pages/cpu s147456 r8192 d28672 u1048576
[    0.000000] PV qspinlock hash table entries: 256 (order: 0, 4096 bytes)
[    0.000000] Built 1 zonelists, mobility grouping on.  Total pages: 257913
[    0.000000] Policy zone: DMA32
[    0.000000] Kernel command line: BOOT_IMAGE=/boot/vmlinuz-4.15.0-163-generic root=LABEL=cloudimg-rootfs ro console=tty1 console=ttyS0
[    0.000000] Memory: 982712K/1048120K available (12300K kernel code, 2483K rwdata, 4320K rodata, 2448K init, 2724K bss, 65408K reserved, 0K cma-reserved)
[    0.000000] SLUB: HWalign=64, Order=0-3, MinObjects=0, CPUs=2, Nodes=1
[    0.000000] Kernel/User page tables isolation: enabled
[    0.000000] ftrace: allocating 39476 entries in 155 pages
[    0.004000] Hierarchical RCU implementation.
[    0.004000] 	RCU restricting CPUs from NR_CPUS=8192 to nr_cpu_ids=2.
[    0.004000] 	Tasks RCU enabled.
[    0.004000] RCU: Adjusting geometry for rcu_fanout_leaf=16, nr_cpu_ids=2
[    0.004000] NR_IRQS: 524544, nr_irqs: 440, preallocated irqs: 16
[    0.004000] Console: colour VGA+ 80x25
[    0.004000] console [tty1] enabled
[    0.004000] console [ttyS0] enabled
[    0.004000] ACPI: Core revision 20170831
[    0.004000] ACPI: 2 ACPI AML tables successfully acquired and loaded
[    0.004000] APIC: Switch to symmetric I/O mode setup
[    0.004000] x2apic enabled
[    0.004000] Switched APIC routing to physical x2apic.
[    0.004000] ..TIMER: vector=0x30 apic1=0 pin1=2 apic2=-1 pin2=-1
[    0.004003] tsc: Detected 2304.000 MHz processor
[    0.004906] Calibrating delay loop (skipped) preset value.. 4608.00 BogoMIPS (lpj=9216000)
[    0.005484] pid_max: default: 32768 minimum: 301
[    0.008031] Security Framework initialized
[    0.008933] Yama: becoming mindful.
[    0.009838] AppArmor: AppArmor initialized
[    0.012018] Dentry cache hash table entries: 131072 (order: 8, 1048576 bytes)
[    0.013358] Inode-cache hash table entries: 65536 (order: 7, 524288 bytes)
[    0.016012] Mount-cache hash table entries: 2048 (order: 2, 16384 bytes)
[    0.017275] Mountpoint-cache hash table entries: 2048 (order: 2, 16384 bytes)
[    0.018773] Last level iTLB entries: 4KB 64, 2MB 8, 4MB 8
[    0.020002] Last level dTLB entries: 4KB 64, 2MB 0, 4MB 0, 1GB 4
[    0.021092] Spectre V1 : Mitigation: usercopy/swapgs barriers and __user pointer sanitization
[    0.022648] Spectre V2 : Mitigation: Full generic retpoline
[    0.024001] Spectre V2 : Spectre v2 / SpectreRSB mitigation: Filling RSB on context switch
[    0.025516] Speculative Store Bypass: Vulnerable
[    0.026426] SRBDS: Unknown: Dependent on hypervisor status
[    0.027702] MDS: Mitigation: Clear CPU buffers
[    0.028220] Freeing SMP alternatives memory: 36K
[    0.140652] smpboot: CPU0: Intel(R) Core(TM) i5-8300H CPU @ 2.30GHz (family: 0x6, model: 0x9e, stepping: 0xa)
[    0.142494] Performance Events: unsupported p6 CPU model 158 no PMU driver, software events only.
[    0.144000] Hierarchical SRCU implementation.
[    0.144775] NMI watchdog: Perf event create on CPU 0 failed with -2
[    0.146034] NMI watchdog: Perf NMI watchdog permanently disabled
[    0.147145] smp: Bringing up secondary CPUs ...
[    0.148070] x86: Booting SMP configuration:
[    0.148890] .... node  #0, CPUs:      #1
[    0.004000] kvm-clock: cpu 1, msr 0:3ff44041, secondary cpu clock
[    0.152017] smp: Brought up 1 node, 2 CPUs
[    0.152920] smpboot: Max logical packages: 1
[    0.153775] smpboot: Total of 2 processors activated (9216.00 BogoMIPS)
[    0.156121] devtmpfs: initialized
[    0.156710] x86/mm: Memory block size: 128MB
[    0.157692] evm: security.selinux
[    0.158382] evm: security.SMACK64
[    0.159041] evm: security.SMACK64EXEC
[    0.160002] evm: security.SMACK64TRANSMUTE
[    0.160785] evm: security.SMACK64MMAP
[    0.161511] evm: security.apparmor
[    0.162179] evm: security.ima
[    0.162776] evm: security.capability
[    0.164069] clocksource: jiffies: mask: 0xffffffff max_cycles: 0xffffffff, max_idle_ns: 7645041785100000 ns
[    0.165981] futex hash table entries: 512 (order: 3, 32768 bytes)
[    0.167465] pinctrl core: initialized pinctrl subsystem
[    0.168126] RTC time:  1:10:53, date: 12/30/21
[    0.172146] NET: Registered protocol family 16
[    0.173312] audit: initializing netlink subsys (disabled)
[    0.174561] audit: type=2000 audit(1640826658.033:1): state=initialized audit_enabled=0 res=1
[    0.176009] cpuidle: using governor ladder
[    0.176804] cpuidle: using governor menu
[    0.177658] ACPI: bus type PCI registered
[    0.178436] acpiphp: ACPI Hot Plug PCI Controller Driver version: 0.5
[    0.180017] PCI: Using configuration type 1 for base access
[    0.181046] HugeTLB registered 2.00 MiB page size, pre-allocated 0 pages
[    0.181359] ACPI: Added _OSI(Module Device)
[    0.184004] ACPI: Added _OSI(Processor Device)
[    0.184854] ACPI: Added _OSI(3.0 _SCP Extensions)
[    0.185753] ACPI: Added _OSI(Processor Aggregator Device)
[    0.186812] ACPI: Added _OSI(Linux-Dell-Video)
[    0.188003] ACPI: Added _OSI(Linux-Lenovo-NV-HDMI-Audio)
[    0.188992] ACPI: Added _OSI(Linux-HPI-Hybrid-Graphics)
[    0.190309] ACPI: Executed 1 blocks of module-level executable AML code
[    0.195526] ACPI: Interpreter enabled
[    0.196012] ACPI: (supports S0 S5)
[    0.196692] ACPI: Using IOAPIC for interrupt routing
[    0.197975] PCI: Using host bridge windows from ACPI; if necessary, use "pci=nocrs" and report a bug
[    0.200165] ACPI: Enabled 2 GPEs in block 00 to 07
[    0.207432] ACPI: PCI Root Bridge [PCI0] (domain 0000 [bus 00-ff])
[    0.208006] acpi PNP0A03:00: _OSC: OS supports [ASPM ClockPM Segments MSI]
[    0.209837] acpi PNP0A03:00: _OSC: not requesting OS control; OS requires [ExtendedConfig ASPM ClockPM MSI]
[    0.211608] acpi PNP0A03:00: fail to add MMCONFIG information, can't access extended PCI configuration space under this bridge.
[    0.212403] PCI host bridge to bus 0000:00
[    0.213442] pci_bus 0000:00: root bus resource [io  0x0000-0x0cf7 window]
[    0.216003] pci_bus 0000:00: root bus resource [io  0x0d00-0xffff window]
[    0.217352] pci_bus 0000:00: root bus resource [mem 0x000a0000-0x000bffff window]
[    0.220003] pci_bus 0000:00: root bus resource [mem 0x40000000-0xfdffffff window]
[    0.221538] pci_bus 0000:00: root bus resource [bus 00-ff]
[    0.225391] pci 0000:00:01.1: legacy IDE quirk: reg 0x10: [io  0x01f0-0x01f7]
[    0.227074] pci 0000:00:01.1: legacy IDE quirk: reg 0x14: [io  0x03f6]
[    0.228005] pci 0000:00:01.1: legacy IDE quirk: reg 0x18: [io  0x0170-0x0177]
[    0.229433] pci 0000:00:01.1: legacy IDE quirk: reg 0x1c: [io  0x0376]
[    0.241781] pci 0000:00:07.0: quirk: [io  0x4000-0x403f] claimed by PIIX4 ACPI
[    0.243226] pci 0000:00:07.0: quirk: [io  0x4100-0x410f] claimed by PIIX4 SMB
[    0.252153] ACPI: PCI Interrupt Link [LNKA] (IRQs 5 9 10 *11)
[    0.253675] ACPI: PCI Interrupt Link [LNKB] (IRQs 5 9 *10 11)
[    0.254845] ACPI: PCI Interrupt Link [LNKC] (IRQs 5 *9 10 11)
[    0.256000] ACPI: PCI Interrupt Link [LNKD] (IRQs 5 9 10 *11)
[    0.256342] SCSI subsystem initialized
[    0.257134] pci 0000:00:02.0: vgaarb: setting as boot VGA device
[    0.257134] pci 0000:00:02.0: vgaarb: VGA device added: decodes=io+mem,owns=io+mem,locks=none
[    0.260009] pci 0000:00:02.0: vgaarb: bridge control possible
[    0.261086] vgaarb: loaded
[    0.261678] ACPI: bus type USB registered
[    0.262458] usbcore: registered new interface driver usbfs
[    0.263455] usbcore: registered new interface driver hub
[    0.264015] usbcore: registered new device driver usb
[    0.265121] EDAC MC: Ver: 3.0.0
[    0.265121] PCI: Using ACPI for IRQ routing
[    0.268258] NetLabel: Initializing
[    0.268935] NetLabel:  domain hash size = 128
[    0.269821] NetLabel:  protocols = UNLABELED CIPSOv4 CALIPSO
[    0.270850] NetLabel:  unlabeled traffic allowed by default
[    0.272066] clocksource: Switched to clocksource kvm-clock
[    0.289524] VFS: Disk quotas dquot_6.6.0
[    0.290511] VFS: Dquot-cache hash table entries: 512 (order 0, 4096 bytes)
[    0.292059] AppArmor: AppArmor Filesystem Enabled
[    0.292987] pnp: PnP ACPI init
[    0.295172] pnp: PnP ACPI: found 3 devices
[    0.304120] clocksource: acpi_pm: mask: 0xffffff max_cycles: 0xffffff, max_idle_ns: 2085701024 ns
[    0.305790] NET: Registered protocol family 2
[    0.306695] IP idents hash table entries: 16384 (order: 5, 131072 bytes)
[    0.310519] TCP established hash table entries: 8192 (order: 4, 65536 bytes)
[    0.311887] TCP bind hash table entries: 8192 (order: 5, 131072 bytes)
[    0.313392] TCP: Hash tables configured (established 8192 bind 8192)
[    0.314786] UDP hash table entries: 512 (order: 2, 16384 bytes)
[    0.315884] UDP-Lite hash table entries: 512 (order: 2, 16384 bytes)
[    0.317112] NET: Registered protocol family 1
[    0.317936] pci 0000:00:00.0: Limiting direct PCI/PCI transfers
[    0.319037] pci 0000:00:01.0: Activating ISA DMA hang workarounds
[    0.320186] pci 0000:00:02.0: Video device with shadowed ROM at [mem 0x000c0000-0x000dffff]
[    0.321805] Unpacking initramfs...
[    0.612986] Freeing initrd memory: 19524K
[    0.613921] clocksource: tsc: mask: 0xffffffffffffffff max_cycles: 0x2135f7c97c8, max_idle_ns: 440795273205 ns
[    0.615821] platform rtc_cmos: registered platform RTC device (no PNP device found)
[    0.617344] Scanning for low memory corruption every 60 seconds
[    0.618918] Initialise system trusted keyrings
[    0.619832] Key type blacklist registered
[    0.620774] workingset: timestamp_bits=36 max_order=18 bucket_order=0
[    0.622861] zbud: loaded
[    0.623874] squashfs: version 4.0 (2009/01/31) Phillip Lougher
[    0.625204] fuse init (API version 7.26)
[    0.627487] Key type asymmetric registered
[    0.628420] Asymmetric key parser 'x509' registered
[    0.629418] Block layer SCSI generic (bsg) driver version 0.4 loaded (major 246)
[    0.630919] io scheduler noop registered
[    0.631715] io scheduler deadline registered
[    0.632614] io scheduler cfq registered (default)
[    0.633804] ACPI: AC Adapter [AC] (on-line)
[    0.634677] input: Power Button as /devices/LNXSYSTM:00/LNXPWRBN:00/input/input0
[    0.636197] ACPI: Power Button [PWRF]
[    0.637001] input: Sleep Button as /devices/LNXSYSTM:00/LNXSLPBN:00/input/input1
[    0.638439] ACPI: Sleep Button [SLPF]
[    0.639480] Serial: 8250/16550 driver, 32 ports, IRQ sharing enabled
[    0.640297] ACPI: Battery Slot [BAT0] (battery present)
[    0.662089] 00:02: ttyS0 at I/O 0x3f8 (irq = 4, base_baud = 115200) is a 16550A
[    0.664670] Linux agpgart interface v0.103
[    0.666415] loop: module loaded
[    0.667557] scsi host0: ata_piix
[    0.668723] scsi host1: ata_piix
[    0.669460] ata1: PATA max UDMA/33 cmd 0x1f0 ctl 0x3f6 bmdma 0xd000 irq 14
[    0.670725] ata2: PATA max UDMA/33 cmd 0x170 ctl 0x376 bmdma 0xd008 irq 15
[    0.672259] libphy: Fixed MDIO Bus: probed
[    0.673046] tun: Universal TUN/TAP device driver, 1.6
[    0.674004] PPP generic driver version 2.4.2
[    0.674880] ehci_hcd: USB 2.0 'Enhanced' Host Controller (EHCI) Driver
[    0.676024] ehci-pci: EHCI PCI platform driver
[    0.676990] ehci-platform: EHCI generic platform driver
[    0.677993] ohci_hcd: USB 1.1 'Open' Host Controller (OHCI) Driver
[    0.679145] ohci-pci: OHCI PCI platform driver
[    0.680043] ohci-platform: OHCI generic platform driver
[    0.681076] uhci_hcd: USB Universal Host Controller Interface driver
[    0.682301] i8042: PNP: PS/2 Controller [PNP0303:PS2K,PNP0f03:PS2M] at 0x60,0x64 irq 1,12
[    0.684298] serio: i8042 KBD port at 0x60,0x64 irq 1
[    0.685280] serio: i8042 AUX port at 0x60,0x64 irq 12
[    0.686312] mousedev: PS/2 mouse device common for all mice
[    0.687632] input: AT Translated Set 2 keyboard as /devices/platform/i8042/serio0/input/input2
[    0.689659] rtc_cmos rtc_cmos: rtc core: registered rtc_cmos as rtc0
[    0.690926] rtc_cmos rtc_cmos: alarms up to one day, 114 bytes nvram
[    0.692204] i2c /dev entries driver
[    0.692949] device-mapper: uevent: version 1.0.3
[    0.693872] device-mapper: ioctl: 4.37.0-ioctl (2017-09-20) initialised: dm-devel@redhat.com
[    0.695475] ledtrig-cpu: registered to indicate activity on CPUs
[    0.696860] NET: Registered protocol family 10
[    0.700734] Segment Routing with IPv6
[    0.701520] NET: Registered protocol family 17
[    0.702491] Key type dns_resolver registered
[    0.703501] mce: Using 0 MCE banks
[    0.704227] RAS: Correctable Errors collector initialized.
[    0.705301] sched_clock: Marking stable (705284050, 0)->(895709280, -190425230)
[    0.707153] registered taskstats version 1
[    0.707989] Loading compiled-in X.509 certificates
[    0.711014] Loaded X.509 cert 'Build time autogenerated kernel key: f60a4c8d126e94dbf36c5faa43fb49029eeea9a9'
[    0.713273] Loaded X.509 cert 'Canonical Ltd. Live Patch Signing: 14df34d1a87cf37625abec039ef2bf521249b969'
[    0.715470] Loaded X.509 cert 'Canonical Ltd. Kernel Module Signing: 88f752e560a1e0737e31163a466ad7b70a850c19'
[    0.717450] zswap: loaded using pool lzo/zbud
[    0.721111] Key type big_key registered
[    0.721904] Key type trusted registered
[    0.724087] Key type encrypted registered
[    0.724887] AppArmor: AppArmor sha1 policy hashing enabled
[    0.725926] ima: No TPM chip found, activating TPM-bypass! (rc=-19)
[    0.727082] ima: Allocated hash algorithm: sha1
[    0.727984] evm: HMAC attrs: 0x1
[    0.728952]   Magic number: 1:13:156
[    0.729810] rtc_cmos rtc_cmos: setting system clock to 2021-12-30 01:10:53 UTC (1640826653)
[    0.731518] BIOS EDD facility v0.16 2004-Jun-25, 0 devices found
[    0.732661] EDD information not available.
[    0.859329] Freeing unused kernel image memory: 2448K
[    0.872388] Write protecting the kernel read-only data: 20480k
[    0.874240] Freeing unused kernel image memory: 2008K
[    0.875556] Freeing unused kernel image memory: 1824K
[    0.883979] x86/mm: Checked W+X mappings: passed, no W+X pages found.
[    0.885339] x86/mm: Checking user space page tables
[    0.893866] x86/mm: Checked W+X mappings: passed, no W+X pages found.
Loading, please wait...
starting version 237
[    0.959765] e1000: Intel(R) PRO/1000 Network Driver - version 7.3.21-k8-NAPI
[    0.961795] e1000: Copyright (c) 1999-2006 Intel Corporation.
[    0.963972] Fusion MPT base driver 3.04.20
[    0.965082] Copyright (c) 1999-2008 LSI Corporation
[    0.975957] Fusion MPT SPI Host driver 3.04.20
[    0.986225] AVX2 version of gcm_enc/dec engaged.
[    0.987421] AES CTR mode by8 optimization enabled
[    1.183363] input: ImExPS/2 Generic Explorer Mouse as /devices/platform/i8042/serio1/input/input4
[    1.642274] e1000 0000:00:03.0 eth0: (PCI:33MHz:32-bit) 02:7d:29:b7:e5:bc
[    1.643867] e1000 0000:00:03.0 eth0: Intel(R) PRO/1000 Network Connection
[    1.646274] mptbase: ioc0: Initiating bringup
[    2.042774] ioc0: LSI53C1030 A0: Capabilities={Initiator}
[    4.841385] scsi host2: ioc0: LSI53C1030 A0, FwRev=00000000h, Ports=1, MaxQ=256, IRQ=20
[    7.115731] scsi 2:0:0:0: Direct-Access     VBOX     HARDDISK         1.0  PQ: 0 ANSI: 5
[    7.148448] scsi target2:0:0: Beginning Domain Validation
[    7.151253] scsi target2:0:0: Domain Validation skipping write tests
[    7.152456] scsi target2:0:0: Ending Domain Validation
[    7.153482] scsi target2:0:0: asynchronous
[    7.154736] scsi 2:0:1:0: Direct-Access     VBOX     HARDDISK         1.0  PQ: 0 ANSI: 5
[    7.456899] scsi target2:0:1: Beginning Domain Validation
[    7.460511] random: fast init done
[    7.461574] scsi target2:0:1: Domain Validation skipping write tests
[    7.462724] scsi target2:0:1: Ending Domain Validation
[    7.463804] scsi target2:0:1: asynchronous
[    7.470226] random: systemd-udevd: uninitialized urandom read (16 bytes read)
[    7.471587] random: systemd-udevd: uninitialized urandom read (16 bytes read)
[    7.472872] random: systemd-udevd: uninitialized urandom read (16 bytes read)
[    7.474223] sd 2:0:0:0: Attached scsi generic sg0 type 0
[    7.474778] sd 2:0:0:0: [sda] 83886080 512-byte logical blocks: (42.9 GB/40.0 GiB)
[    7.475915] sd 2:0:1:0: Attached scsi generic sg1 type 0
[    7.478512] sd 2:0:0:0: [sda] Write Protect is off
[    7.480676] sd 2:0:1:0: [sdb] 20480 512-byte logical blocks: (10.5 MB/10.0 MiB)
[    7.482088] sd 2:0:0:0: [sda] Incomplete mode parameter data
[    7.483223] sd 2:0:0:0: [sda] Assuming drive cache: write through
[    7.484217] sd 2:0:1:0: [sdb] Write Protect is off
[    7.485925] sd 2:0:1:0: [sdb] Incomplete mode parameter data
[    7.487287] sd 2:0:1:0: [sdb] Assuming drive cache: write through
[    7.497668] e1000 0000:00:08.0 eth1: (PCI:33MHz:32-bit) 08:00:27:b1:d3:5e
[    7.499431] e1000 0000:00:08.0 eth1: Intel(R) PRO/1000 Network Connection
[    7.501633] e1000 0000:00:03.0 enp0s3: renamed from eth0
[    7.533356] e1000 0000:00:08.0 enp0s8: renamed from eth1
[    7.582638]  sda: sda1
[    7.584626] sd 2:0:0:0: [sda] Attached SCSI disk
[    7.585718] sd 2:0:1:0: [sdb] Attached SCSI disk
Begin: Loading essential drivers ... [    9.224070] raid6: sse2x1   gen() 12197 MB/s
[    9.272056] raid6: sse2x1   xor()  9445 MB/s
[    9.320107] raid6: sse2x2   gen() 12856 MB/s
[    9.368056] raid6: sse2x2   xor()  9639 MB/s
[    9.416097] raid6: sse2x4   gen() 18592 MB/s
[    9.464096] raid6: sse2x4   xor() 10592 MB/s
[    9.512093] raid6: avx2x1   gen() 25703 MB/s
[    9.560105] raid6: avx2x1   xor() 14320 MB/s
[    9.608097] raid6: avx2x2   gen() 25884 MB/s
[    9.656097] raid6: avx2x2   xor() 19147 MB/s
[    9.704057] raid6: avx2x4   gen() 36174 MB/s
[    9.752071] raid6: avx2x4   xor() 16735 MB/s
[    9.752914] raid6: using algorithm avx2x4 gen() 36174 MB/s
[    9.753931] raid6: .... xor() 16735 MB/s, rmw enabled
[    9.754965] raid6: using avx2x2 recovery algorithm
[    9.757208] xor: automatically using best checksumming function   avx       
[    9.759181] async_tx: api initialized (async)
done.
Begin: Running /scripts/init-premount ... done.
Begin: Mounting root file system ... Begin: Running /scripts/local-top ... done.
Begin: Running /scripts/local-premount ... [    9.809740] Btrfs loaded, crc32c=crc32c-intel
Scanning for Btrfs filesystems
done.
Warning: fsck not present, so skipping root file system
[    9.859117] EXT4-fs (sda1): mounted filesystem with ordered data mode. Opts: (null)
done.
Begin: Running /scripts/local-bottom ... done.
Begin: Running /scripts/init-bottom ... done.
[   10.673793] ip_tables: (C) 2000-2006 Netfilter Core Team
[   10.762728] systemd[1]: systemd 237 running in system mode. (+PAM +AUDIT +SELINUX +IMA +APPARMOR +SMACK +SYSVINIT +UTMP +LIBCRYPTSETUP +GCRYPT +GNUTLS +ACL +XZ +LZ4 +SECCOMP +BLKID +ELFUTILS +KMOD -IDN2 +IDN -PCRE2 default-hierarchy=hybrid)
[   10.766746] systemd[1]: Detected virtualization oracle.
[   10.767797] systemd[1]: Detected architecture x86-64.

Welcome to [1mUbuntu 18.04.6 LTS[0m!

[   10.823795] systemd[1]: Set hostname to <ubuntu>.
[   10.883613] systemd[1]: Initializing machine ID from random generator.
[   10.885768] systemd[1]: Installed transient /etc/machine-id file.
[   11.326002] random: crng init done
[   11.327040] random: 7 urandom warning(s) missed due to ratelimiting
[   12.135645] systemd[1]: Created slice System Slice.
[[0;32m  OK  [0m] Created slice System Slice.
[   12.137150] systemd[1]: Listening on Journal Socket (/dev/log).
[[0;32m  OK  [0m] Listening on Journal Socket (/dev/log).
[   12.138787] systemd[1]: Listening on Device-mapper event daemon FIFOs.
[[0;32m  OK  [0m] Listening on Device-mapper event daemon FIFOs.
[   12.140473] systemd[1]: Listening on udev Kernel Socket.
[[0;32m  OK  [0m] Listening on udev Kernel Socket.
[[0;32m  OK  [0m] Listening on /dev/initctl Compatibility Named Pipe.
[[0;32m  OK  [0m] Listening on fsck to fsckd communication Socket.
[[0;32m  OK  [0m] Listening on udev Control Socket.
[[0;32m  OK  [0m] Created slice User and Session Slice.
[[0;32m  OK  [0m] Reached target Slices.
[[0;32m  OK  [0m] Reached target System Time Synchronized.
[[0;32m  OK  [0m] Set up automount Arbitrary Executab…rmats File System Automount Point.
[[0;32m  OK  [0m] Listening on Network Service Netlink Socket.
[[0;32m  OK  [0m] Reached target User and Group Name Lookups.
[[0;32m  OK  [0m] Listening on Journal Socket.
         Starting Create list of required st…ce nodes for the current kernel...
         Mounting Huge Pages File System...
         Starting Load Kernel Modules...
         Mounting POSIX Message Queue File System...
         Starting File System Check on Root Device...
         Starting udev Coldplug all Devices...
         Starting Uncomplicated firewall...
[[0;32m  OK  [0m] Reached target Swap.
[[0;32m  OK  [0m] Listening on LVM2 metadata daemon socket.
         Starting Monitoring of LVM2 mirrors…ng dmeventd or progress polling...
         Mounting Kernel Debug File System...
[[0;32m  OK  [0m] Listening on LVM2 poll daemon socket.
[[0;32m  OK  [0m] Started Forward Password Requests to Wall Directory Watch.
[   12.323703] Loading iSCSI transport class v2.0-870.
[[0;32m  OK  [0m] Listening on Journal Audit Socket.
         Starting Set the console keyboard layout...
[   12.493132] iscsi: registered transport (tcp)
[[0;32m  OK  [0m] Listening on Syslog Socket.
         Starting Journal Service...
[[0;32m  OK  [0m] Created slice system-serial\x2dgetty.slice.
[[0;32m  OK  [0m] Started Create list of required sta…vice nodes for the current kernel.
[[0;32m  OK  [0m] Mounted Huge Pages File System.
[[0;32m  OK  [0m] Mounted POSIX Message Queue File System.
[[0;32m  OK  [0m] Started Uncomplicated firewall.
[[0;32m  OK  [0m] Mounted Kernel Debug File System.
[[0;32m  OK  [0m] Started File System Check Daemon to report status.
         Starting Create Static Device Nodes in /dev...
[[0;32m  OK  [0m] Started udev Coldplug all Devices.
[[0;32m  OK  [0m] Started File System Check on Root Device.
         Starting Remount Root and Kernel File Systems...
[[0;32m  OK  [0m] Started Journal Service.
[   12.709124] iscsi: registered transport (iser)
[[0;32m  OK  [0m] Started Load Kernel Modules.
         Mounting FUSE Control File System...
         Starting Apply Kernel Variables...
         Mounting Kernel Configuration File System...
[[0;32m  OK  [0m] Mounted FUSE Control File System.
[[0;32m  OK  [0m] Mounted Kernel Configuration File System.
[   12.793006] EXT4-fs (sda1): re-mounted. Opts: (null)
[[0;32m  OK  [0m] Started Remount Root and Kernel File Systems.
         Starting Flush Journal to Persistent Storage...
         Starting Load/Save Random Seed...
[[0;32m  OK  [0m] Started LVM2 metadata daemon.
[[0;32m  OK  [0m] Started Apply Kernel Variables.
[[0;32m  OK  [0m] Started Load/Save Random Seed.
[[0;32m  OK  [0m] Started Create Static Device Nodes in /dev.
         Starting udev Kernel Device Manager...
[[0;32m  OK  [0m] Started Monitoring of LVM2 mirrors,…sing dmeventd or progress polling.
[[0;32m  OK  [0m] Started Flush Journal to Persistent Storage.
[[0;32m  OK  [0m] Started Set the console keyboard layout.
[[0;32m  OK  [0m] Reached target Local File Systems (Pre).
[[0;32m  OK  [0m] Reached target Local File Systems.
         Starting Tell Plymouth To Write Out Runtime Data...
         Starting Set console font and keymap...
         Starting AppArmor initialization...
         Starting ebtables ruleset management...
         Starting Commit a transient machine-id on disk...
         Starting Create Volatile Files and Directories...
[[0;32m  OK  [0m] Started Tell Plymouth To Write Out Runtime Data.
[[0;32m  OK  [0m] Started udev Kernel Device Manager.
[[0;32m  OK  [0m] Started Dispatch Password Requests to Console Directory Watch.
[[0;32m  OK  [0m] Reached target Local Encrypted Volumes.
[[0;32m  OK  [0m] Started Set console font and keymap.
[[0;32m  OK  [0m] Started Commit a transient machine-id on disk.
[[0;32m  OK  [0m] Started Create Volatile Files and Directories.
         Starting Update UTMP about System Boot/Shutdown...
[[0;32m  OK  [0m] Started Update UTMP about System Boot/Shutdown.
[[0;32m  OK  [0m] Started ebtables ruleset management.
[[0;32m  OK  [0m] Found device /dev/ttyS0.
[[0;32m  OK  [0m] Listening on Load/Save RF Kill Switch Status /dev/rfkill Watch.
[[0;32m  OK  [0m] Started AppArmor initialization.
         Starting Initial cloud-init job (pre-networking)...
         Starting Load AppArmor profiles managed internally by snapd...
[[0;32m  OK  [0m] Started Load AppArmor profiles managed internally by snapd.
[   20.259251] cloud-init[578]: Cloud-init v. 21.4-0ubuntu1~18.04.1 running 'init-local' at Thu, 30 Dec 2021 01:11:12 +0000. Up 19.49 seconds.
[[0;32m  OK  [0m] Started Initial cloud-init job (pre-networking).
[[0;32m  OK  [0m] Reached target Network (Pre).
         Starting Network Service...
[[0;32m  OK  [0m] Started Network Service.
         Starting Network Name Resolution...
         Starting Wait for Network to be Configured...
[[0;32m  OK  [0m] Started Network Name Resolution.
[[0;32m  OK  [0m] Reached target Network.
[[0;32m  OK  [0m] Reached target Host and Network Name Lookups.
[[0;32m  OK  [0m] Started Wait for Network to be Configured.
         Starting Initial cloud-init job (metadata service crawler)...
[   22.683432] cloud-init[714]: Cloud-init v. 21.4-0ubuntu1~18.04.1 running 'init' at Thu, 30 Dec 2021 01:11:15 +0000. Up 22.45 seconds.
[   22.696571] cloud-init[714]: ci-info: ++++++++++++++++++++++++++++++++++++++Net device info+++++++++++++++++++++++++++++++++++++++
[   22.698918] cloud-init[714]: ci-info: +--------+-------+----------------------------+---------------+--------+-------------------+
[   22.701213] cloud-init[714]: ci-info: | Device |   Up  |          Address           |      Mask     | Scope  |     Hw-Address    |
[   22.713026] cloud-init[714]: ci-info: +--------+-------+----------------------------+---------------+--------+-------------------+
[   22.714900] cloud-init[714]: ci-info: | enp0s3 |  True |         10.0.2.15          | 255.255.255.0 | global | 02:7d:29:b7:e5:bc |
[   22.716643] cloud-init[714]: ci-info: | enp0s3 |  True | fe80::7d:29ff:feb7:e5bc/64 |       .       |  link  | 02:7d:29:b7:e5:bc |
[   22.718063] cloud-init[714]: ci-info: | enp0s8 | False |             .              |       .       |   .    | 08:00:27:b1:d3:5e |
[   22.719618] cloud-init[714]: ci-info: |   lo   |  True |         127.0.0.1          |   255.0.0.0   |  host  |         .         |
[   22.732595] cloud-init[714]: ci-info: |   lo   |  True |          ::1/128           |       .       |  host  |         .         |
[   22.744165] cloud-init[714]: ci-info: +--------+-------+----------------------------+---------------+--------+-------------------+
[   22.745149] cloud-init[714]: ci-info: ++++++++++++++++++++++++++++Route IPv4 info+++++++++++++++++++++++++++++
[   22.756928] cloud-init[714]: ci-info: +-------+-------------+----------+-----------------+-----------+-------+
[   22.757691] cloud-init[714]: ci-info: | Route | Destination | Gateway  |     Genmask     | Interface | Flags |
[   22.772685] cloud-init[714]: ci-info: +-------+-------------+----------+-----------------+-----------+-------+
[   22.773577] cloud-init[714]: ci-info: |   0   |   0.0.0.0   | 10.0.2.2 |     0.0.0.0     |   enp0s3  |   UG  |
[   22.774330] cloud-init[714]: ci-info: |   1   |   10.0.2.0  | 0.0.0.0  |  255.255.255.0  |   enp0s3  |   U   |
[   22.774988] cloud-init[714]: ci-info: |   2   |   10.0.2.2  | 0.0.0.0  | 255.255.255.255 |   enp0s3  |   UH  |
[   22.775712] cloud-init[714]: ci-info: +-------+-------------+----------+-----------------+-----------+-------+
[   22.788338] cloud-init[714]: ci-info: +++++++++++++++++++Route IPv6 info+++++++++++++++++++
[   22.788917] cloud-init[714]: ci-info: +-------+-------------+---------+-----------+-------+
[   22.800221] cloud-init[714]: ci-info: | Route | Destination | Gateway | Interface | Flags |
[   22.813017] cloud-init[714]: ci-info: +-------+-------------+---------+-----------+-------+
[   22.825013] cloud-init[714]: ci-info: |   1   |  fe80::/64  |    ::   |   enp0s3  |   U   |
[   22.836501] cloud-init[714]: ci-info: |   3   |    local    |    ::   |   enp0s3  |   U   |
[   22.848206] cloud-init[714]: ci-info: |   4   |   ff00::/8  |    ::   |   enp0s3  |   U   |
[   22.848957] cloud-init[714]: ci-info: +-------+-------------+---------+-----------+-------+
[   24.480419] cloud-init[714]: Generating public/private rsa key pair.
[   24.492252] cloud-init[714]: Your identification has been saved in /etc/ssh/ssh_host_rsa_key.
[   24.492931] cloud-init[714]: Your public key has been saved in /etc/ssh/ssh_host_rsa_key.pub.
[   24.507414] cloud-init[714]: The key fingerprint is:
[   24.516201] cloud-init[714]: SHA256:K0Te8XxTmF6JM/PuXe1AxC20EiiTQcuJYi6oVJqsLvg root@ubuntu-bionic
[   24.516798] cloud-init[714]: The key's randomart image is:
[   24.528226] cloud-init[714]: +---[RSA 2048]----+
[   24.528614] cloud-init[714]: |       .oo .. .  |
[[0;32m  OK  [0m] Started Initial cloud-init job (metadata service crawler).
[   24.544656] cloud-init[714]: |       o+o.  B + |
[   24.544990] [cloud-init[0;32m  OK  [0m[714]: ] |   .o o =o  O O .|Reached target Network is Online.

         Starting Availability of block devices...
[   24.560382] [cloud-init[0;32m  OK  [0m[714]: ] |..+o + . + . X . |Reached target Remote File Systems (Pre).

[[0;32m  OK  [0m] Reached target Remote File Systems.
[[0;32m  OK  [0m] Reached target System Initialization.
[   24.561679] cloud-init[714]: |.=. . o S o + o  |
[   24.562284] cloud-init[714]: |+  . .   . . +  .|
[   24.562601] cloud-init[714]: |+     . .     o o|
[   24.562897] cloud-init[714]: |+      .     . +.|
[   24.563205] cloud-init[714]: |.oE           . o|
[   24.563532] cloud-init[714]: +----[SHA256]-----+
[   24.563869] cloud-init[714]: Generating public/private dsa key pair.
[   24.564276] cloud-init[714]: Your identification has been saved in /etc/ssh/ssh_host_dsa_key.
[   24.564869] cloud-init[714]: Your public key has been saved in /etc/ssh/ssh_host_dsa_key.pub.
[   24.565359] cloud-init[714]: The key fingerprint is:
[   24.565702] cloud-init[714]: SHA256:8Nzkm0VPvByeNQN2/qB/hDOUP6CA7Q2QWW6LfrrCSzQ root@ubuntu-bionic
         Starting LXD - unix socket.
[   24.581009] cloud-init[714]: The key's randomart image is:
[   24.581792] cloud-init[714]: +---[DSA 1024]----+
[   24.582751]          cloud-initStarting Socket activation for snappy daemon.[714]: |       .+.   o . |

[[0;32m  OK  [0m] Started Message of the Day.
[[0;32m  OK  [0m] Started ACPI Events Check.
[   24.592580] cloud-init[714]: [|       o=   ..+. |[0;32m  OK  [0m
] Listening on ACPID Listen Socket.
[[0;32m  OK  [0m] Listening on D-Bus System Message Bus Socket.
[   24.594003] cloud-init[[714]: |      .. *. ..B+.|[0;32m  OK  [0m
] Listening on Open-iSCSI iscsid Socket.
[[0;32m  OK  [0m] Listening on UUID daemon activation socket.
[   24.604937] [cloud-init[0;32m  OK  [0m[714]: ] |       +++=..B.O+|Started Daily Cleanup of Temporary Directories.

[[0;32m  OK  [0m] Started Discard unused blocks once a week.
[   24.617301] [cloud-init[0;32m  OK  [0m[714]: ] |     E .Soooo X.+|Listening on cloud-init hotplug hook socket.

[[0;32m  OK  [0m] Started Daily apt download activities.
[[0;32m  OK  [0m] Started Daily apt upgrade and clean activities.
[   24.629921] cloud-init[714]: |    . o    + . +.|
[   24.630252] cloud-init[714]: |    .. . .o   . .|
[[0;32m  OK  [0m] Started Trigger to poll for Ubuntu …(Only enabled on GCP LTS non-pro).
[   24.645015] [[0;32m  OK  [0m] Reached target Paths.
[[0;32m  OK  [0m] Started Ubuntu Advantage Timer for running repeated jobs.
[[0;32m  OK  [0m] Reached target Timers.
[[0;32m  OK  [0m] Reached target Cloud-config availability.
cloud-init[714]: |    .o  o      . |
[[0;32m  OK  [0m] Started Availability of block devices.
[[0;32m  OK  [0m] Listening on LXD - unix socket.
[[0;32m  OK  [0m] Listening on Socket activation for snappy daemon.
[[0;32m  OK  [0m] Reached target Sockets.
[[0;32m  OK  [0m] Reached target Basic System.
[[0;32m  OK  [0m] Started D-Bus System Message Bus.
[   24.661121] cloud-init[714]: |     .oo.        |
[   24.672830] cloud-init[714]: +----[SHA256]-----+
[   24.673537] cloud-init[714]: Generating public/private ecdsa key pair.
[   24.674604] cloud-init[714]: Your identification has been saved in /etc/ssh/ssh_host_ecdsa_key.
[   24.675604] cloud-init[714]: Your public key has been saved in /etc/ssh/ssh_host_ecdsa_key.pub.
[   24.688193] cloud-init[714]: The key fingerprint is:
[   24.689196] cloud-init[714]: SHA256:IiPA050JkS6s7bLaqbukCGCwm6SpLVqWA/QHPj0gL9Y root@ubuntu-bionic
[   24.690744] cloud-init[714]: The key's randomart image is:
[   24.691785] cloud-init[714]: +---[ECDSA 256]---+
[   24.694625] cloud-init[714]: |   oo            |
[   24.695217] cloud-init[714]: |. ..o o          |
[   24.695898] cloud-init[714]: |+=.+ +           |
[   24.696608] cloud-init[714]: |o=B.+            |
[   24.697266] cloud-init[714]: |=*oEo+. S        |
[   24.697977] cloud-init[714]: |B=oooo..         |
[   24.698689] cloud-init[714]: |*o=              |
[   24.699488] cloud-init[714]: |O=.o             |
[   24.700258] cloud-init[714]: |&B+              |
[   24.701051] cloud-init[714]: +----[SHA256]-----+
[   24.712892] cloud-init[714]: Generating public/private ed25519 key pair.
[   24.713740] cloud-init[714]: Your identification has been saved in /etc/ssh/ssh_host_ed25519_key.
[   24.724492] cloud-init[714]: Your public key has been saved in /etc/ssh/ssh_host_ed25519_key.pub.
[   24.736237] cloud-init[714]: The key fingerprint is:
[   24.736617] cloud-init[714]: SHA256:R4ULc51D6DMC94BLPQO8zEYYk04JHVFCnTb82Kt3QgQ root@ubuntu-bionic
[   24.748374] cloud-init[714]: The key's randomart image is:
[   24.749131] cloud-init[714]: +--[ED25519 256]--+
[   24.750094] cloud-init[714]: |  .+B%o=   =o.   |
[   24.750547] cloud-init[714]: |    *oE O +.+    |
[   24.751008] cloud-init[714]: |   o * @ X.. .   |
[   24.751471] cloud-init[714]: |    . B =.*      |
[   24.751937] cloud-init[714]: |     . .So.o     |
[   24.764524] cloud-init[714]: |        o.       |
         Starting LSB: automatic crash report generation...
[   24.777132] cloud-init[714]: |       o         |
[   24.807549] cloud-init[714]: |      . o .      |
[   24.808506] cloud-init[714]: |       . o       |
         Starting Virtualbox guest utils...
[   24.821086] cloud-init[714]: +----[SHA256]-----+
[[0;32m  OK  [0m] Started Deferred execution scheduler.
[[0;32m  OK  [0m] Started FUSE filesystem for LXC.
         Starting System Logging Service...
         Starting Login Service...
[[0;32m  OK  [0m] Started Regular background program processing daemon.
         Starting LSB: Record successful boot for GRUB...
[[0;32m  OK  [0m] Started irqbalance daemon.
         Starting Accounts Service...
         Starting Snap Daemon...
         Starting Pollinate to seed the pseudo random number generator...
         Starting Permit User Sessions...
         Starting Dispatcher daemon for systemd-networkd...
         Starting LXD - container startup/shutdown...
[[0;32m  OK  [0m] Started System Logging Service.
[[0;32m  OK  [0m] Started Permit User Sessions.
[[0;32m  OK  [0m] Started Login Service.
         Starting Authorization Manager...
[[0;32m  OK  [0m] Started Unattended Upgrades Shutdown.
         Starting Hold until boot process finishes up...
         Starting Terminate Plymouth Boot Screen...
[[0;32m  OK  [0m] Started Hold until boot process finishes up.
[[0;32m  OK  [0m] Started Terminate Plymouth Boot Screen.
         Starting Set console scheme...
[[0;32m  OK  [0m] Started Serial Getty on ttyS0.
[[0;32m  OK  [0m] Started Set console scheme.
[[0;32m  OK  [0m] Created slice system-getty.slice.
[[0;32m  OK  [0m] Started Getty on tty1.
[[0;32m  OK  [0m] Reached target Login Prompts.
[[0;32m  OK  [0m] Started LSB: automatic crash report generation.
[[0;32m  OK  [0m] Started LSB: Record successful boot for GRUB.
[[0;32m  OK  [0m] Started Authorization Manager.
[[0;32m  OK  [0m] Started Accounts Service.
[[0;32m  OK  [0m] Started Virtualbox guest utils.
[[0;32m  OK  [0m] Started Dispatcher daemon for systemd-networkd.
[[0;32m  OK  [0m] Started LXD - container startup/shutdown.
[[0;32m  OK  [0m] Started Snap Daemon.
         Starting Wait until snapd is fully seeded...
[[0;32m  OK  [0m] Started Pollinate to seed the pseudo random number generator.
[[0;32m  OK  [0m] Started Wait until snapd is fully seeded.
         Starting Apply the settings specified in cloud-config...
         Starting OpenBSD Secure Shell server...
[[0;32m  OK  [0m] Started OpenBSD Secure Shell server.
[[0;32m  OK  [0m] Reached target Multi-User System.
[[0;32m  OK  [0m] Reached target Graphical Interface.
         Starting Update UTMP about System Runlevel Changes...
[[0;32m  OK  [0m] Started Update UTMP about System Runlevel Changes.
[[0;32m  OK  [0m] Created slice User Slice of vagrant.
         Starting User Manager for UID 1000...
[[0;32m  OK  [0m] Started Session 1 of user vagrant.

Ubuntu 18.04.6 LTS ubuntu-bionic ttyS0

ubuntu-bionic login: [   32.970334] cloud-init[1356]: Cloud-init v. 21.4-0ubuntu1~18.04.1 running 'modules:config' at Thu, 30 Dec 2021 01:11:23 +0000. Up 30.78 seconds.
ci-info: no authorized SSH keys fingerprints found for user ubuntu.
<14>Dec 30 01:11:26 cloud-init: #############################################################
<14>Dec 30 01:11:26 cloud-init: -----BEGIN SSH HOST KEY FINGERPRINTS-----
<14>Dec 30 01:11:26 cloud-init: 1024 SHA256:8Nzkm0VPvByeNQN2/qB/hDOUP6CA7Q2QWW6LfrrCSzQ root@ubuntu-bionic (DSA)
<14>Dec 30 01:11:26 cloud-init: 256 SHA256:IiPA050JkS6s7bLaqbukCGCwm6SpLVqWA/QHPj0gL9Y root@ubuntu-bionic (ECDSA)
<14>Dec 30 01:11:26 cloud-init: 256 SHA256:R4ULc51D6DMC94BLPQO8zEYYk04JHVFCnTb82Kt3QgQ root@ubuntu-bionic (ED25519)
<14>Dec 30 01:11:26 cloud-init: 2048 SHA256:K0Te8XxTmF6JM/PuXe1AxC20EiiTQcuJYi6oVJqsLvg root@ubuntu-bionic (RSA)
<14>Dec 30 01:11:26 cloud-init: -----END SSH HOST KEY FINGERPRINTS-----
<14>Dec 30 01:11:26 cloud-init: #############################################################
-----BEGIN SSH HOST KEY KEYS-----
ecdsa-sha2-nistp256 AAAAE2VjZHNhLXNoYTItbmlzdHAyNTYAAAAIbmlzdHAyNTYAAABBBL+HMQyHZmEktZNQwpsKdfnXSjnQWXhRU3YwiSWMhYq4A1R/TQb3j4RvZtLP+ba/5Z5C6GePQ1ZHWCceVRuyY5E= root@ubuntu-bionic
ssh-ed25519 AAAAC3NzaC1lZDI1NTE5AAAAIKRwx9ytVZEjrqoF9Hjq3ANmSx1O1ByDpqbnjazw3XSS root@ubuntu-bionic
ssh-rsa AAAAB3NzaC1yc2EAAAADAQABAAABAQD5hSZqKRLecy7WhEWR3jVy5Zol81cY1TwfW5dnEaDF/azBmmITtWdO2lYRQr542olsdLQHtX4VPkCp4/BJ+PXclH61mzHYO4nLO3XJS//LtmjI7pUqr0CyxJ9kSOS6hO6GInhdW1T1rWhd1sk67ZJNmDi9cYTSdKZnlnxnkFiFf7qZ6mzXjQCu2lME8UObfIlbd+BdUV8glRHjYp4cJy/bUqhATniJi9Jt2GZaX7MxXD/3IH3O1ny8hodYeQirESqKbjB18k7oaCdQhxvlOp4svRqBSBoZHB4odORoeSj5VSu92aeFX+GY1fb5Bqtoai2wNn3rC72cvs55n4jliLjL root@ubuntu-bionic
-----END SSH HOST KEY KEYS-----
[   33.904155] cloud-init[1506]: Cloud-init v. 21.4-0ubuntu1~18.04.1 running 'modules:final' at Thu, 30 Dec 2021 01:11:26 +0000. Up 33.49 seconds.
[   33.904234] cloud-init[1506]: ci-info: no authorized SSH keys fingerprints found for user ubuntu.
[   33.904286] cloud-init[1506]: Cloud-init v. 21.4-0ubuntu1~18.04.1 finished at Thu, 30 Dec 2021 01:11:26 +0000. Datasource DataSourceNoCloud [seed=/dev/sdb][dsmode=net].  Up 33.89 seconds
